[{
    "data": [
        {
            "taskType": "imageInference",
            "imageUUID": "732310dd-57d4-410e-82f0-01a7b532533c",
            "taskUUID": "f5561d14-f9f9-4baf-8406-127d132f6715",
            "NSFWContent": false,
            "cost": 0.0045,
            "seed": 2166196655545729749,
            "imageURL": "https://im.runware.ai/image/ws/2/ii/732310dd-57d4-410e-82f0-01a7b532533c.webp"
        }
    ]
},
{
    "data": [
        {
            "taskType": "imageInference",
            "imageUUID": "33592b15-006a-4ec9-834d-bf3cc10f6634",
            "taskUUID": "c9243022-f946-42f6-afbd-b4b2cf72cf3f",
            "NSFWContent": false,
            "cost": 0.0045,
            "seed": 7672772234482161468,
            "imageURL": "https://im.runware.ai/image/ws/2/ii/33592b15-006a-4ec9-834d-bf3cc10f6634.webp"
        }
    ]
}
,
{
    "data": [
        {
            "taskType": "imageInference",
            "imageUUID": "8276a2d6-78e3-4793-afb7-2af6627089b7",
            "taskUUID": "4c6583e0-b286-4189-b788-3a7b379525a8",
            "NSFWContent": false,
            "cost": 0.0045,
            "seed": 1827068627681636209,
            "imageURL": "https://im.runware.ai/image/ws/2/ii/8276a2d6-78e3-4793-afb7-2af6627089b7.webp"
        }
    ]
}
,{
    "data": [
        {
            "taskType": "imageInference",
            "imageUUID": "34c986b1-2eaa-4217-bf92-2c0eb4236140",
            "taskUUID": "df8d274b-36a9-4af9-a9f5-c914c09ebe6e",
            "NSFWContent": false,
            "cost": 0.0045,
            "seed": 2108598746232102553,
            "imageURL": "https://im.runware.ai/image/ws/2/ii/34c986b1-2eaa-4217-bf92-2c0eb4236140.webp"
        }
    ]
}
,
{
    "data": [
        {
            "taskType": "imageInference",
            "imageUUID": "1c0e64a8-a127-4cb6-897b-bebbd7a2f550",
            "taskUUID": "ceeb017b-dd33-47de-bd27-8f5358bccdd7",
            "NSFWContent": false,
            "cost": 0.0045,
            "seed": 6843888850822010559,
            "imageURL": "https://im.runware.ai/image/ws/2/ii/1c0e64a8-a127-4cb6-897b-bebbd7a2f550.webp"
        }
    ]
}
,{
    "data": [
        {
            "taskType": "imageInference",
            "imageUUID": "1356a55a-7e00-4c39-af04-99a2676d37d9",
            "taskUUID": "8f108bd6-48ea-4774-94ec-81657b231178",
            "NSFWContent": false,
            "cost": 0.0045,
            "seed": 7251260646498046026,
            "imageURL": "https://im.runware.ai/image/ws/2/ii/1356a55a-7e00-4c39-af04-99a2676d37d9.webp"
        }
    ]
},
{
    "data": [
        {
            "taskType": "imageInference",
            "imageUUID": "e7f1219f-595b-4f8a-9e79-4fd2a728e669",
            "taskUUID": "27fbc3e0-b0b1-4a9c-bb4f-6ee9ef00146f",
            "NSFWContent": false,
            "cost": 0.0045,
            "seed": 2576881699091550664,
            "imageURL": "https://im.runware.ai/image/ws/2/ii/e7f1219f-595b-4f8a-9e79-4fd2a728e669.webp"
        }
    ]
},
{
    "data": [
        {
            "taskType": "imageInference",
            "imageUUID": "9687633f-b800-4955-9448-d856a89e8c65",
            "taskUUID": "443a5dd4-e7c6-4a13-8f71-261af657135c",
            "NSFWContent": false,
            "cost": 0.0045,
            "seed": 3037169550381948263,
            "imageURL": "https://im.runware.ai/image/ws/2/ii/9687633f-b800-4955-9448-d856a89e8c65.webp"
        }
    ]
},
{
    "data": [
        {
            "taskType": "imageInference",
            "imageUUID": "62400f37-133e-41f1-94af-01187ee61c14",
            "taskUUID": "c1c45ebc-dbf2-4c82-bb43-7cdf6d6b18bb",
            "NSFWContent": false,
            "cost": 0.0045,
            "seed": 3436120962581860249,
            "imageURL": "https://im.runware.ai/image/ws/2/ii/62400f37-133e-41f1-94af-01187ee61c14.webp"
        }
    ]
},
{
    "data": [
        {
            "taskType": "imageInference",
            "imageUUID": "2729101f-6036-49c5-b8e3-087eacefb5db",
            "taskUUID": "b2db1976-4e68-4c91-9131-91d0159eafd3",
            "NSFWContent": false,
            "cost": 0.0045,
            "seed": 777707997288193351,
            "imageURL": "https://im.runware.ai/image/ws/2/ii/2729101f-6036-49c5-b8e3-087eacefb5db.webp"
        }
    ]
}
,{
    "data": [
        {
            "taskType": "imageInference",
            "imageUUID": "790403db-2b64-4c0a-a6ac-bc0fd3333f4a",
            "taskUUID": "9999f870-6ecb-4397-b46c-a11726618bfe",
            "NSFWContent": false,
            "cost": 0.0045,
            "seed": 3304613620465394509,
            "imageURL": "https://im.runware.ai/image/ws/2/ii/790403db-2b64-4c0a-a6ac-bc0fd3333f4a.webp"
        }
    ]
}
,
{
    "data": [
        {
            "taskType": "imageInference",
            "imageUUID": "0384d0cc-b2a3-49cf-ace1-29ce868d7714",
            "taskUUID": "9faafdd8-24b1-410c-ae83-d3b22ac1f647",
            "NSFWContent": false,
            "cost": 0.0045,
            "seed": 2627946691394881385,
            "imageURL": "https://im.runware.ai/image/ws/2/ii/0384d0cc-b2a3-49cf-ace1-29ce868d7714.webp"
        }
    ]
}
,
{
    "data": [
        {
            "taskType": "imageInference",
            "imageUUID": "aa148f3c-afa1-4e07-a7a9-33800df699fe",
            "taskUUID": "e429c860-2fc9-45b3-b367-c301cac05d54",
            "NSFWContent": false,
            "cost": 0.0045,
            "seed": 6617955056907667155,
            "imageURL": "https://im.runware.ai/image/ws/2/ii/aa148f3c-afa1-4e07-a7a9-33800df699fe.webp"
        }
    ]
}
,
{
    "data": [
        {
            "taskType": "imageInference",
            "imageUUID": "29e12edd-f396-474a-b2d3-b33f61363b70",
            "taskUUID": "47bd9dd5-f205-4be4-9384-340ea1880049",
            "NSFWContent": false,
            "cost": 0.0045,
            "seed": 1964232123887735420,
            "imageURL": "https://im.runware.ai/image/ws/2/ii/29e12edd-f396-474a-b2d3-b33f61363b70.webp"
        }
    ]
}
,
{
    "data": [
        {
            "taskType": "imageInference",
            "imageUUID": "20ce61f1-20ff-4ef5-9dba-caad331b45ad",
            "taskUUID": "395c2634-0abc-4d71-a192-9ea93f430452",
            "NSFWContent": false,
            "cost": 0.0045,
            "seed": 1455191662820381374,
            "imageURL": "https://im.runware.ai/image/ws/2/ii/20ce61f1-20ff-4ef5-9dba-caad331b45ad.webp"
        }
    ]
}
, {
    "data": [
        {
            "taskType": "imageInference",
            "imageUUID": "4f3f7f49-d729-4b05-b9bd-5a2d96cd2c1e",
            "taskUUID": "deeceeaf-9aeb-4150-bc78-d7d9f4492525",
            "NSFWContent": false,
            "cost": 0.0045,
            "seed": 4964886381133789360,
            "imageURL": "https://im.runware.ai/image/ws/2/ii/4f3f7f49-d729-4b05-b9bd-5a2d96cd2c1e.webp"
        }
    ]
}
,
{
    "data": [
        {
            "taskType": "imageInference",
            "imageUUID": "c293fdd0-04fe-42b2-9b12-39516071e533",
            "taskUUID": "5cd97afe-23d3-4e5a-84ae-99c21f0f0644",
            "NSFWContent": false,
            "cost": 0.0045,
            "seed": 3478614522461510162,
            "imageURL": "https://im.runware.ai/image/ws/2/ii/c293fdd0-04fe-42b2-9b12-39516071e533.webp"
        }
    ]
}
,
{
    "data": [
        {
            "taskType": "imageInference",
            "imageUUID": "f4b19c7a-67c7-438d-aa42-bfea2b0f7c4e",
            "taskUUID": "8cf0178c-b17c-4f38-9ebc-3e9cd541537e",
            "NSFWContent": false,
            "cost": 0.0045,
            "seed": 1408364531743992653,
            "imageURL": "https://im.runware.ai/image/ws/2/ii/f4b19c7a-67c7-438d-aa42-bfea2b0f7c4e.webp"
        }
    ]
}
,
{
    "data": [
        {
            "taskType": "imageInference",
            "imageUUID": "2c239331-3e14-46dd-a3b5-6b5fa70ccdb1",
            "taskUUID": "b1b754eb-3ae9-4e65-8b42-827562afaa53",
            "NSFWContent": false,
            "cost": 0.0045,
            "seed": 4118193975507789728,
            "imageURL": "https://im.runware.ai/image/ws/2/ii/2c239331-3e14-46dd-a3b5-6b5fa70ccdb1.webp"
        }
    ]
}
,
{
    "data": [
        {
            "taskType": "imageInference",
            "imageUUID": "2e4328b3-b9c4-4fad-936b-36da921775f2",
            "taskUUID": "6a4aa367-bdb4-4eb8-82ab-b56f90ba0c1c",
            "NSFWContent": false,
            "cost": 0.0045,
            "seed": 6431616477084679726,
            "imageURL": "https://im.runware.ai/image/ws/2/ii/2e4328b3-b9c4-4fad-936b-36da921775f2.webp"
        }
    ]
}
,
{
    "data": [
        {
            "taskType": "imageInference",
            "imageUUID": "5c836a26-7176-4db6-a557-ce951f003618",
            "taskUUID": "93ee549c-00b9-4f8a-a6b0-524b3d75f79f",
            "NSFWContent": false,
            "cost": 0.0045,
            "seed": 6400205739578558811,
            "imageURL": "https://im.runware.ai/image/ws/2/ii/5c836a26-7176-4db6-a557-ce951f003618.webp"
        }
    ]
}
,
{
    "data": [
        {
            "taskType": "imageInference",
            "imageUUID": "5a3a3f67-e85f-495a-832f-9e403fd06294",
            "taskUUID": "12a16a19-6101-42bc-92d3-52ba64b1a8a7",
            "NSFWContent": false,
            "cost": 0.0045,
            "seed": 1027846252667237379,
            "imageURL": "https://im.runware.ai/image/ws/2/ii/5a3a3f67-e85f-495a-832f-9e403fd06294.webp"
        }
    ]
}
,
{
    "data": [
        {
            "taskType": "imageInference",
            "imageUUID": "0c892efa-4f87-4b0e-ab6b-d753ebf8ddf5",
            "taskUUID": "78813250-f30e-4b3a-9bc4-e90c9b872dc1",
            "NSFWContent": false,
            "cost": 0.0045,
            "seed": 6248945887513173703,
            "imageURL": "https://im.runware.ai/image/ws/2/ii/0c892efa-4f87-4b0e-ab6b-d753ebf8ddf5.webp"
        }
    ]
}
,
{
    "data": [
        {
            "taskType": "imageInference",
            "imageUUID": "8c22e74c-986c-46f1-a9d8-a15b73eb87dd",
            "taskUUID": "952c386f-f8bc-4ba7-984d-73d2fd984b1a",
            "NSFWContent": false,
            "cost": 0.0051,
            "seed": 4476116148413877773,
            "imageURL": "https://im.runware.ai/image/ws/2/ii/8c22e74c-986c-46f1-a9d8-a15b73eb87dd.webp"
        }
    ]
}
,
{
    "data": [
        {
            "taskType": "imageInference",
            "imageUUID": "8c188766-4013-4a91-8a36-0de42f98f0a8",
            "taskUUID": "6dd47c25-b22e-4396-bc32-a54972f0267c",
            "NSFWContent": false,
            "cost": 0.0045,
            "seed": 9015240184591061122,
            "imageURL": "https://im.runware.ai/image/ws/2/ii/8c188766-4013-4a91-8a36-0de42f98f0a8.webp"
        }
    ]
}
,
{
    "data": [
        {
            "taskType": "imageInference",
            "imageUUID": "bbca3a83-26f9-401e-bf54-ad2d63dc849a",
            "taskUUID": "e9bd83fb-d491-4da2-8e71-db8f9bffe171",
            "NSFWContent": false,
            "cost": 0.0045,
            "seed": 4828743567067428734,
            "imageURL": "https://im.runware.ai/image/ws/2/ii/bbca3a83-26f9-401e-bf54-ad2d63dc849a.webp"
        }
    ]
}
,
{
    "data": [
        {
            "taskType": "imageInference",
            "imageUUID": "e0ab51bc-be53-4d92-a2a8-8b25e64c3df4",
            "taskUUID": "cbe9cc00-e74b-4cd4-ac9e-c4744757957b",
            "NSFWContent": false,
            "cost": 0.0045,
            "seed": 5448688738826210794,
            "imageURL": "https://im.runware.ai/image/ws/2/ii/e0ab51bc-be53-4d92-a2a8-8b25e64c3df4.webp"
        }
    ]
}
,
{
    "data": [
        {
            "taskType": "imageInference",
            "imageUUID": "fea24370-706b-4931-9911-f78679fea151",
            "taskUUID": "bf3310e5-2227-4982-86f2-932c70314c67",
            "NSFWContent": false,
            "cost": 0.0045,
            "seed": 493681201571927212,
            "imageURL": "https://im.runware.ai/image/ws/2/ii/fea24370-706b-4931-9911-f78679fea151.webp"
        }
    ]
}
,
{
    "data": [
        {
            "taskType": "imageInference",
            "imageUUID": "766a02db-aa4f-48a8-ba81-964470ee6bff",
            "taskUUID": "ac312745-6ec6-4659-92de-40691977e74e",
            "NSFWContent": false,
            "cost": 0.0058,
            "seed": 2805783993100525846,
            "imageURL": "https://im.runware.ai/image/ws/2/ii/766a02db-aa4f-48a8-ba81-964470ee6bff.webp"
        }
    ]
}
,
{
    "data": [
        {
            "taskType": "imageInference",
            "imageUUID": "f3868fc0-c1f4-4b63-951b-48fecbd98bc4",
            "taskUUID": "480562d1-c8d8-4146-93f6-ee50a670ca79",
            "NSFWContent": false,
            "cost": 0.0045,
            "seed": 6348701078519697037,
            "imageURL": "https://im.runware.ai/image/ws/2/ii/f3868fc0-c1f4-4b63-951b-48fecbd98bc4.webp"
        }
    ]
}
,
{
    "data": [
        {
            "taskType": "imageInference",
            "imageUUID": "65f6e031-1125-4fef-b7a2-342c9211ba81",
            "taskUUID": "3705c9fa-1ce0-45fa-885c-1ba0a76d7eb9",
            "NSFWContent": false,
            "cost": 0.0045,
            "seed": 6114571101391321437,
            "imageURL": "https://im.runware.ai/image/ws/2/ii/65f6e031-1125-4fef-b7a2-342c9211ba81.webp"
        }
    ]
}
,
{
    "data": [
        {
            "taskType": "imageInference",
            "imageUUID": "33d94648-aef4-45bf-9736-6ed020fb1315",
            "taskUUID": "3f2fa5f3-f8f4-4f61-91c4-a96f3457025b",
            "NSFWContent": false,
            "cost": 0.0051,
            "seed": 5948154922442148129,
            "imageURL": "https://im.runware.ai/image/ws/2/ii/33d94648-aef4-45bf-9736-6ed020fb1315.webp"
        }
    ]
}
,
{
    "data": [
        {
            "taskType": "imageInference",
            "imageUUID": "8828b381-5665-4a3c-9f51-4a65ed1ff78b",
            "taskUUID": "11b138e1-c3a9-4e53-8b23-1d5add2a4833",
            "NSFWContent": false,
            "cost": 0.0051,
            "seed": 2563189037610762412,
            "imageURL": "https://im.runware.ai/image/ws/2/ii/8828b381-5665-4a3c-9f51-4a65ed1ff78b.webp"
        }
    ]
}
]
